<?xml version="1.0" encoding="UTF-8" ?>
<testsuite failures="0" time="18.65" errors="0" skipped="0" tests="7" name="it.apice.sapere.space.TestLSAspace">
  <properties>
    <property name="java.runtime.name" value="Java(TM) SE Runtime Environment"/>
    <property name="sun.boot.library.path" value="C:\Program Files (x86)\Java\jdk1.6.0_23\jre\bin"/>
    <property name="java.vm.version" value="19.0-b09"/>
    <property name="java.vm.vendor" value="Sun Microsystems Inc."/>
    <property name="java.vendor.url" value="http://java.sun.com/"/>
    <property name="path.separator" value=";"/>
    <property name="guice.disable.misplaced.annotation.check" value="true"/>
    <property name="java.vm.name" value="Java HotSpot(TM) Client VM"/>
    <property name="file.encoding.pkg" value="sun.io"/>
    <property name="user.country" value="IT"/>
    <property name="sun.java.launcher" value="SUN_STANDARD"/>
    <property name="sun.os.patch.level" value="Service Pack 2"/>
    <property name="java.vm.specification.name" value="Java Virtual Machine Specification"/>
    <property name="user.dir" value="C:\Users\ConteIt\Desktop\THESIS\sharing\semanticwebsapere"/>
    <property name="java.runtime.version" value="1.6.0_23-b04"/>
    <property name="java.awt.graphicsenv" value="sun.awt.Win32GraphicsEnvironment"/>
    <property name="java.endorsed.dirs" value="C:\Program Files (x86)\Java\jdk1.6.0_23\jre\lib\endorsed"/>
    <property name="os.arch" value="x86"/>
    <property name="java.io.tmpdir" value="C:\Users\ConteIt\AppData\Local\Temp\"/>
    <property name="line.separator" value="
"/>
    <property name="java.vm.specification.vendor" value="Sun Microsystems Inc."/>
    <property name="user.variant" value=""/>
    <property name="os.name" value="Windows Vista"/>
    <property name="net.sourceforge.cobertura.datafile" value="C:\Users\ConteIt\Desktop\THESIS\sharing\semanticwebsapere\semanticwebsapere-rdfspace\target\cobertura\cobertura.ser"/>
    <property name="classworlds.conf" value="C:\Users\ConteIt\Desktop\THESIS\workspace\.metadata\.plugins\org.eclipse.m2e.core\launches\m2conf7466835247243879085.tmp"/>
    <property name="sun.jnu.encoding" value="Cp1252"/>
    <property name="java.library.path" value="C:\Program Files (x86)\Java\jdk1.6.0_23\bin;.;C:\Windows\Sun\Java\bin;C:\Windows\system32;C:\Windows;C:\Program Files (x86)\PC Connectivity Solution\;C:\Program Files (x86)\NVIDIA Corporation\PhysX\Common;C:\Program Files\Common Files\Microsoft Shared\Windows Live;C:\Program Files (x86)\Common Files\Microsoft Shared\Windows Live;C:\Windows\system32;C:\Windows;C:\Windows\System32\Wbem;C:\Program Files (x86)\Common Files\Roxio Shared\DLLShared\;C:\Program Files (x86)\Common Files\Roxio Shared\10.0\DLLShared\;c:\Program Files (x86)\Microsoft SQL Server\90\Tools\binn\;C:\Program Files (x86)\Common Files\DivX Shared\;C:\Program Files (x86)\Common Files\Acronis\SnapAPI\;C:\Program Files (x86)\Altova\AltovaXML2010;C:\Program Files (x86)\MaudeFW\cygwin\bin;C:\Windows\System32\WindowsPowerShell\v1.0\;C:\Program Files (x86)\Microsoft SQL Server\100\Tools\Binn\;C:\Program Files\Microsoft SQL Server\100\Tools\Binn\;C:\Program Files\Microsoft SQL Server\100\DTS\Binn\;C:\Program Files (x86)\Microsoft SQL Server\100\Tools\Binn\VSShell\Common7\IDE\;C:\Program Files (x86)\Microsoft SQL Server\100\DTS\Binn\;C:\Program Files (x86)\Microsoft Visual Studio 9.0\Common7\IDE\PrivateAssemblies\;C:\Program Files (x86)\Windows Live\Shared;C:\Program Files (x86)\QuickTime\QTSystem\;C:\Users\ConteIt\pax-scripts\pax-construct-1.4\bin;C:\Users\ConteIt\apache-maven-3.0.4\bin;C:\Ruby193\bin;C:\Sun\SDK\bin;C:\Sun\SDK\bin;ï/Ã"/>
    <property name="java.specification.name" value="Java Platform API Specification"/>
    <property name="java.class.version" value="50.0"/>
    <property name="sun.management.compiler" value="HotSpot Client Compiler"/>
    <property name="os.version" value="6.0"/>
    <property name="user.home" value="C:\Users\ConteIt"/>
    <property name="user.timezone" value="Europe/Berlin"/>
    <property name="java.awt.printerjob" value="sun.awt.windows.WPrinterJob"/>
    <property name="java.specification.version" value="1.6"/>
    <property name="file.encoding" value="Cp1252"/>
    <property name="user.name" value="ConteIt"/>
    <property name="java.class.path" value="/C:/Users/ConteIt/Desktop/eclipse-tesi/eclipse/plugins/org.eclipse.m2e.maven.runtime_1.0.200.20111228-1245/jars/plexus-classworlds-2.4.jar"/>
    <property name="java.vm.specification.version" value="1.0"/>
    <property name="sun.arch.data.model" value="32"/>
    <property name="java.home" value="C:\Program Files (x86)\Java\jdk1.6.0_23\jre"/>
    <property name="java.specification.vendor" value="Sun Microsystems Inc."/>
    <property name="user.language" value="it"/>
    <property name="awt.toolkit" value="sun.awt.windows.WToolkit"/>
    <property name="java.vm.info" value="mixed mode"/>
    <property name="java.version" value="1.6.0_23"/>
    <property name="java.ext.dirs" value="C:\Program Files (x86)\Java\jdk1.6.0_23\jre\lib\ext;C:\Windows\Sun\Java\lib\ext"/>
    <property name="sun.boot.class.path" value="C:\Program Files (x86)\Java\jdk1.6.0_23\jre\lib\resources.jar;C:\Program Files (x86)\Java\jdk1.6.0_23\jre\lib\rt.jar;C:\Program Files (x86)\Java\jdk1.6.0_23\jre\lib\sunrsasign.jar;C:\Program Files (x86)\Java\jdk1.6.0_23\jre\lib\jsse.jar;C:\Program Files (x86)\Java\jdk1.6.0_23\jre\lib\jce.jar;C:\Program Files (x86)\Java\jdk1.6.0_23\jre\lib\charsets.jar;C:\Program Files (x86)\Java\jdk1.6.0_23\jre\lib\modules\jdk.boot.jar;C:\Program Files (x86)\Java\jdk1.6.0_23\jre\classes"/>
    <property name="java.vendor" value="Sun Microsystems Inc."/>
    <property name="maven.home" value="C:\Users\ConteIt\Desktop\THESIS\sharing\semanticwebsapere\EMBEDDED"/>
    <property name="file.separator" value="\"/>
    <property name="java.vendor.url.bug" value="http://java.sun.com/cgi-bin/bugreport.cgi"/>
    <property name="sun.cpu.endian" value="little"/>
    <property name="sun.io.unicode.encoding" value="UnicodeLittle"/>
    <property name="project.build.outputDirectory" value="C:\Users\ConteIt\Desktop\THESIS\sharing\semanticwebsapere\semanticwebsapere-rdfspace\target\generated-classes\cobertura"/>
    <property name="sun.desktop" value="windows"/>
    <property name="sun.cpu.isalist" value="pentium_pro+mmx pentium_pro pentium+mmx pentium i486 i386 i86"/>
  </properties>
  <testcase time="4.396" classname="it.apice.sapere.space.TestLSAspace" name="testRemoveExceptions:TestLSAspace.testRemoveExceptions:NativeContainer:org.apache.felix.framework.FrameworkFactory@fd54d6"/>
  <testcase time="1.841" classname="it.apice.sapere.space.TestLSAspace" name="testScenario:TestLSAspace.testScenario:NativeContainer:org.apache.felix.framework.FrameworkFactory@fd54d6"/>
  <testcase time="1.925" classname="it.apice.sapere.space.TestLSAspace" name="testIgnoreExceptions:TestLSAspace.testIgnoreExceptions:NativeContainer:org.apache.felix.framework.FrameworkFactory@fd54d6"/>
  <testcase time="3.104" classname="it.apice.sapere.space.TestLSAspace" name="testObserveExceptions:TestLSAspace.testObserveExceptions:NativeContainer:org.apache.felix.framework.FrameworkFactory@fd54d6"/>
  <testcase time="2.984" classname="it.apice.sapere.space.TestLSAspace" name="testInjectExceptions:TestLSAspace.testInjectExceptions:NativeContainer:org.apache.felix.framework.FrameworkFactory@fd54d6"/>
  <testcase time="2.305" classname="it.apice.sapere.space.TestLSAspace" name="testUpdateExceptions:TestLSAspace.testUpdateExceptions:NativeContainer:org.apache.felix.framework.FrameworkFactory@fd54d6"/>
  <testcase time="2.095" classname="it.apice.sapere.space.TestLSAspace" name="testReadExceptions:TestLSAspace.testReadExceptions:NativeContainer:org.apache.felix.framework.FrameworkFactory@fd54d6"/>
</testsuite>